{"uid":"e3c8bf361f429141","name":"loginWithValidCredentials","fullName":"ui.LoginTest.loginWithValidCredentials","historyId":"8fa57d4196ee96349cacac15e14b140f","time":{"start":1770878821455,"stop":1770878836872,"duration":15417},"description":"Test Case 2: Login User with correct email and password","descriptionHtml":"<p>Test Case 2: Login User with correct email and password</p>\n","status":"broken","statusMessage":"Expected condition failed: waiting for presence of element located by: By.xpath: //a[@href='/logout'] (tried for 10 second(s) with 500 milliseconds interval)","statusTrace":"org.openqa.selenium.TimeoutException: Expected condition failed: waiting for presence of element located by: By.xpath: //a[@href='/logout'] (tried for 10 second(s) with 500 milliseconds interval)\r\n\tat org.openqa.selenium.support.ui.WebDriverWait.timeoutException(WebDriverWait.java:84)\r\n\tat org.openqa.selenium.support.ui.FluentWait.until(FluentWait.java:228)\r\n\tat pages.NavigationBar.clickLogout(NavigationBar.java:37)\r\n\tat ui.LoginTest.createTestUser(LoginTest.java:112)\r\n\tat ui.LoginTest.loginWithValidCredentials(LoginTest.java:24)\r\n\tat java.base/jdk.internal.reflect.DirectMethodHandleAccessor.invoke(DirectMethodHandleAccessor.java:104)\r\n\tat java.base/java.lang.reflect.Method.invoke(Method.java:565)\r\n\tat org.testng.internal.invokers.MethodInvocationHelper.invokeMethod(MethodInvocationHelper.java:141)\r\n\tat org.testng.internal.invokers.TestInvoker.invokeMethod(TestInvoker.java:686)\r\n\tat org.testng.internal.invokers.TestInvoker.invokeTestMethod(TestInvoker.java:230)\r\n\tat org.testng.internal.invokers.MethodRunner.runInSequence(MethodRunner.java:63)\r\n\tat org.testng.internal.invokers.TestInvoker$MethodInvocationAgent.invoke(TestInvoker.java:992)\r\n\tat org.testng.internal.invokers.TestInvoker.invokeTestMethods(TestInvoker.java:203)\r\n\tat org.testng.internal.invokers.TestMethodWorker.invokeTestMethods(TestMethodWorker.java:154)\r\n\tat org.testng.internal.invokers.TestMethodWorker.run(TestMethodWorker.java:134)\r\n\tat java.base/java.util.ArrayList.forEach(ArrayList.java:1604)\r\n\tat org.testng.TestRunner.privateRun(TestRunner.java:739)\r\n\tat org.testng.TestRunner.run(TestRunner.java:614)\r\n\tat org.testng.SuiteRunner.runTest(SuiteRunner.java:421)\r\n\tat org.testng.SuiteRunner.runSequentially(SuiteRunner.java:413)\r\n\tat org.testng.SuiteRunner.privateRun(SuiteRunner.java:373)\r\n\tat org.testng.SuiteRunner.run(SuiteRunner.java:312)\r\n\tat org.testng.SuiteRunnerWorker.runSuite(SuiteRunnerWorker.java:52)\r\n\tat org.testng.SuiteRunnerWorker.run(SuiteRunnerWorker.java:95)\r\n\tat org.testng.TestNG.runSuitesSequentially(TestNG.java:1274)\r\n\tat org.testng.TestNG.runSuitesLocally(TestNG.java:1208)\r\n\tat org.testng.TestNG.runSuites(TestNG.java:1112)\r\n\tat org.testng.TestNG.run(TestNG.java:1079)\r\n\tat com.intellij.rt.testng.IDEARemoteTestNG.run(IDEARemoteTestNG.java:65)\r\n\tat com.intellij.rt.testng.RemoteTestNGStarter.main(RemoteTestNGStarter.java:105)\r\nCaused by: org.openqa.selenium.NoSuchElementException: no such element: Unable to locate element: {\"method\":\"xpath\",\"selector\":\"//a[@href='/logout']\"}\n  (Session info: chrome=145.0.7632.46)\nFor documentation on this error, please visit: https://www.selenium.dev/documentation/webdriver/troubleshooting/errors#no-such-element-exception\nBuild info: version: '4.27.0', revision: 'd6e718d134'\nSystem info: os.name: 'Windows 10', os.arch: 'amd64', os.version: '10.0', java.version: '25.0.1'\nDriver info: org.openqa.selenium.chrome.ChromeDriver\nCommand: [c78b87ef2bbd232c1da7532007cb2645, findElement {value=//a[@href='/logout'], using=xpath}]\nCapabilities {acceptInsecureCerts: false, browserName: chrome, browserVersion: 145.0.7632.46, chrome: {chromedriverVersion: 145.0.7632.46 (9b899469dedf..., userDataDir: C:\\Users\\SwiftX\\AppData\\Loc...}, fedcm:accounts: true, goog:chromeOptions: {debuggerAddress: localhost:53520}, goog:processID: 12356, networkConnectionEnabled: false, pageLoadStrategy: normal, platformName: windows, proxy: Proxy(), se:cdp: ws://localhost:53520/devtoo..., se:cdpVersion: 145.0.7632.46, setWindowRect: true, strictFileInteractability: false, timeouts: {implicit: 0, pageLoad: 300000, script: 30000}, unhandledPromptBehavior: dismiss and notify, webauthn:extension:credBlob: true, webauthn:extension:largeBlob: true, webauthn:extension:minPinLength: true, webauthn:extension:prf: true, webauthn:virtualAuthenticators: true}\nSession ID: c78b87ef2bbd232c1da7532007cb2645\r\n\tat java.base/jdk.internal.reflect.DirectConstructorHandleAccessor.newInstance(DirectConstructorHandleAccessor.java:62)\r\n\tat java.base/java.lang.reflect.Constructor.newInstanceWithCaller(Constructor.java:499)\r\n\tat java.base/java.lang.reflect.Constructor.newInstance(Constructor.java:483)\r\n\tat org.openqa.selenium.remote.ErrorCodec.decode(ErrorCodec.java:167)\r\n\tat org.openqa.selenium.remote.codec.w3c.W3CHttpResponseCodec.decode(W3CHttpResponseCodec.java:138)\r\n\tat org.openqa.selenium.remote.codec.w3c.W3CHttpResponseCodec.decode(W3CHttpResponseCodec.java:50)\r\n\tat org.openqa.selenium.remote.HttpCommandExecutor.execute(HttpCommandExecutor.java:190)\r\n\tat org.openqa.selenium.remote.service.DriverCommandExecutor.invokeExecute(DriverCommandExecutor.java:216)\r\n\tat org.openqa.selenium.remote.service.DriverCommandExecutor.execute(DriverCommandExecutor.java:174)\r\n\tat org.openqa.selenium.remote.RemoteWebDriver.execute(RemoteWebDriver.java:545)\r\n\tat org.openqa.selenium.remote.ElementLocation$ElementFinder$2.findElement(ElementLocation.java:165)\r\n\tat org.openqa.selenium.remote.ElementLocation.findElement(ElementLocation.java:59)\r\n\tat org.openqa.selenium.remote.RemoteWebDriver.findElement(RemoteWebDriver.java:368)\r\n\tat org.openqa.selenium.remote.RemoteWebDriver.findElement(RemoteWebDriver.java:362)\r\n\tat org.openqa.selenium.support.ui.ExpectedConditions$6.apply(ExpectedConditions.java:171)\r\n\tat org.openqa.selenium.support.ui.ExpectedConditions$6.apply(ExpectedConditions.java:168)\r\n\tat org.openqa.selenium.support.ui.FluentWait.until(FluentWait.java:203)\r\n\t... 28 more\r\n","flaky":false,"newFailed":false,"newBroken":false,"newPassed":false,"retriesCount":0,"retriesStatusChange":false,"beforeStages":[{"name":"setUp","time":{"start":1770878817789,"stop":1770878821453,"duration":3664},"description":"","status":"passed","steps":[],"attachments":[],"parameters":[],"hasContent":false,"attachmentsCount":0,"shouldDisplayMessage":false,"attachmentStep":false,"stepsCount":0}],"afterStages":[{"name":"tearDown","time":{"start":1770878836877,"stop":1770878837176,"duration":299},"description":"","status":"passed","steps":[],"attachments":[{"uid":"947fda785684b356","name":"Failed Screenshot","source":"947fda785684b356.png","type":"image/png","size":127846}],"parameters":[],"hasContent":true,"attachmentsCount":1,"shouldDisplayMessage":false,"attachmentStep":false,"stepsCount":0}],"labels":[{"name":"package","value":"ui.LoginTest"},{"name":"testClass","value":"ui.LoginTest"},{"name":"testMethod","value":"loginWithValidCredentials"},{"name":"parentSuite","value":"Default Suite"},{"name":"suite","value":"Automation_Excercise_Final_Project"},{"name":"subSuite","value":"ui.LoginTest"},{"name":"host","value":"DESKTOP-614JBOT"},{"name":"thread","value":"3772@DESKTOP-614JBOT.main(3)"},{"name":"framework","value":"testng"},{"name":"language","value":"java"},{"name":"resultFormat","value":"allure2"}],"parameters":[],"links":[],"hidden":true,"retry":true,"extra":{"categories":[],"tags":[]},"source":"e3c8bf361f429141.json","parameterValues":[]}